<?xml version="1.0" encoding="UTF-8"?>
<!-- Generated by org.testng.reporters.JUnitXMLReporter -->
<testsuite ignored="0" hostname="Nigam" failures="0" tests="4" name="API Test" time="9.691" errors="0" timestamp="2025-07-09T04:40:30 IST">
  <testcase classname="com.api.tests.AccountCreationTest" name="createAccountTest" time="7.408"/>
  <testcase classname="com.api.tests.AddAddressToUserTest" name="addAddressToUserTest" time="0.971"/>
  <testcase classname="com.api.tests.UpdateProfileTest" name="updateProfileTest" time="0.578"/>
  <testcase classname="com.api.tests.GetProfileRequestTest" name="GetProfileInfoTest" time="0.389"/>
</testsuite> <!-- API Test -->
