<?xml version="1.0" encoding="UTF-8"?>
<testng-results ignored="0" total="4" passed="4" failed="0" skipped="0">
  <reporter-output>
  </reporter-output>
  <suite started-at="2025-07-09T04:40:20 IST" name="API Test Suite" finished-at="2025-07-09T04:40:30 IST" duration-ms="9691">
    <groups>
    </groups>
    <test started-at="2025-07-09T04:40:20 IST" name="API Test" finished-at="2025-07-09T04:40:30 IST" duration-ms="9691">
      <class name="com.api.tests.AccountCreationTest">
        <test-method is-config="true" signature="setUpConfig()[pri:0, instance:com.api.tests.AccountCreationTest@723877dd]" started-at="2025-07-09T04:40:20 IST" name="setUpConfig" finished-at="2025-07-09T04:40:20 IST" duration-ms="67" status="PASS">
          <reporter-output>
          </reporter-output>
        </test-method> <!-- setUpConfig -->
        <test-method signature="createAccountTest()[pri:0, instance:com.api.tests.AccountCreationTest@723877dd]" started-at="2025-07-09T04:40:21 IST" name="createAccountTest" description=" Verify if Login API is working..." finished-at="2025-07-09T04:40:28 IST" duration-ms="7408" status="PASS">
          <reporter-output>
          </reporter-output>
        </test-method> <!-- createAccountTest -->
      </class> <!-- com.api.tests.AccountCreationTest -->
      <class name="com.api.tests.UpdateProfileTest">
        <test-method is-config="true" signature="setUpConfig()[pri:0, instance:com.api.tests.UpdateProfileTest@4b1ec694]" started-at="2025-07-09T04:40:29 IST" name="setUpConfig" finished-at="2025-07-09T04:40:29 IST" duration-ms="1" status="PASS">
          <reporter-output>
          </reporter-output>
        </test-method> <!-- setUpConfig -->
        <test-method signature="updateProfileTest()[pri:0, instance:com.api.tests.UpdateProfileTest@4b1ec694]" started-at="2025-07-09T04:40:29 IST" name="updateProfileTest" finished-at="2025-07-09T04:40:30 IST" duration-ms="578" status="PASS">
          <reporter-output>
          </reporter-output>
        </test-method> <!-- updateProfileTest -->
      </class> <!-- com.api.tests.UpdateProfileTest -->
      <class name="com.api.tests.GetProfileRequestTest">
        <test-method is-config="true" signature="setUpConfig()[pri:0, instance:com.api.tests.GetProfileRequestTest@3d299393]" started-at="2025-07-09T04:40:30 IST" name="setUpConfig" finished-at="2025-07-09T04:40:30 IST" duration-ms="1" status="PASS">
          <reporter-output>
          </reporter-output>
        </test-method> <!-- setUpConfig -->
        <test-method signature="GetProfileInfoTest()[pri:0, instance:com.api.tests.GetProfileRequestTest@3d299393]" started-at="2025-07-09T04:40:30 IST" name="GetProfileInfoTest" finished-at="2025-07-09T04:40:30 IST" duration-ms="389" status="PASS">
          <reporter-output>
          </reporter-output>
        </test-method> <!-- GetProfileInfoTest -->
      </class> <!-- com.api.tests.GetProfileRequestTest -->
      <class name="com.api.tests.AddAddressToUserTest">
        <test-method is-config="true" signature="setUpConfig()[pri:0, instance:com.api.tests.AddAddressToUserTest@65e22def]" started-at="2025-07-09T04:40:28 IST" name="setUpConfig" finished-at="2025-07-09T04:40:28 IST" duration-ms="0" status="PASS">
          <reporter-output>
          </reporter-output>
        </test-method> <!-- setUpConfig -->
        <test-method signature="addAddressToUserTest()[pri:0, instance:com.api.tests.AddAddressToUserTest@65e22def]" started-at="2025-07-09T04:40:28 IST" name="addAddressToUserTest" finished-at="2025-07-09T04:40:29 IST" duration-ms="971" status="PASS">
          <reporter-output>
          </reporter-output>
        </test-method> <!-- addAddressToUserTest -->
      </class> <!-- com.api.tests.AddAddressToUserTest -->
    </test> <!-- API Test -->
  </suite> <!-- API Test Suite -->
</testng-results>
